[0.032s] Invoking command in '/home/robotik/ros2_ws/build/robot_spawner': CMAKE_PREFIX_PATH=/opt/ros/humble /usr/bin/cmake /home/robotik/ros2_ws/src/robot_spawner -DCMAKE_INSTALL_PREFIX=/home/robotik/ros2_ws/install/robot_spawner
[0.402s] -- The C compiler identification is GNU 11.4.0
[0.523s] -- The CXX compiler identification is GNU 11.4.0
[0.533s] -- Detecting C compiler ABI info
[0.630s] -- Detecting C compiler ABI info - done
[0.635s] -- Check for working C compiler: /usr/bin/cc - skipped
[0.635s] -- Detecting C compile features
[0.636s] -- Detecting C compile features - done
[0.639s] -- Detecting CXX compiler ABI info
[0.695s] -- Detecting CXX compiler ABI info - done
[0.699s] -- Check for working CXX compiler: /usr/bin/c++ - skipped
[0.700s] -- Detecting CXX compile features
[0.700s] -- Detecting CXX compile features - done
[0.706s] -- Found ament_cmake: 1.3.7 (/opt/ros/humble/share/ament_cmake/cmake)
[0.830s] -- Found Python3: /usr/bin/python3.10 (found version "3.10.12") found components: Interpreter 
[0.894s] -- Found rclcpp: 16.0.8 (/opt/ros/humble/share/rclcpp/cmake)
[0.932s] -- Found rosidl_generator_c: 3.1.5 (/opt/ros/humble/share/rosidl_generator_c/cmake)
[0.935s] -- Found rosidl_adapter: 3.1.5 (/opt/ros/humble/share/rosidl_adapter/cmake)
[0.942s] -- Found rosidl_generator_cpp: 3.1.5 (/opt/ros/humble/share/rosidl_generator_cpp/cmake)
[0.955s] -- Using all available rosidl_typesupport_c: rosidl_typesupport_fastrtps_c;rosidl_typesupport_introspection_c
[0.971s] -- Using all available rosidl_typesupport_cpp: rosidl_typesupport_fastrtps_cpp;rosidl_typesupport_introspection_cpp
[1.026s] -- Found rmw_implementation_cmake: 6.1.1 (/opt/ros/humble/share/rmw_implementation_cmake/cmake)
[1.028s] -- Found rmw_fastrtps_cpp: 6.2.6 (/opt/ros/humble/share/rmw_fastrtps_cpp/cmake)
[1.109s] -- Found OpenSSL: /usr/lib/x86_64-linux-gnu/libcrypto.so (found version "3.0.2")  
[1.128s] -- Found FastRTPS: /opt/ros/humble/include  
[1.158s] -- Using RMW implementation 'rmw_fastrtps_cpp' as default
[1.168s] -- Looking for pthread.h
[1.225s] -- Looking for pthread.h - found
[1.225s] -- Performing Test CMAKE_HAVE_LIBC_PTHREAD
[1.332s] -- Performing Test CMAKE_HAVE_LIBC_PTHREAD - Success
[1.332s] -- Found Threads: TRUE  
[1.455s] [31mCMake Error at CMakeLists.txt:16 (find_package):
[1.455s]   By not providing "Findgazebo_ros_pkgs.cmake" in CMAKE_MODULE_PATH this
[1.455s]   project has asked CMake to find a package configuration file provided by
[1.455s]   "gazebo_ros_pkgs", but CMake did not find one.
[1.455s] 
[1.455s]   Could not find a package configuration file provided by "gazebo_ros_pkgs"
[1.455s]   with any of the following names:
[1.455s] 
[1.455s]     gazebo_ros_pkgsConfig.cmake
[1.455s]     gazebo_ros_pkgs-config.cmake
[1.455s] 
[1.455s]   Add the installation prefix of "gazebo_ros_pkgs" to CMAKE_PREFIX_PATH or
[1.455s]   set "gazebo_ros_pkgs_DIR" to a directory containing one of the above files.
[1.455s]   If "gazebo_ros_pkgs" provides a separate development package or SDK, be
[1.455s]   sure it has been installed.
[1.455s] 
[1.455s] -- Configuring incomplete, errors occurred!
[1.455s] See also "/home/robotik/ros2_ws/build/robot_spawner/CMakeFiles/CMakeOutput.log".
[1.455s] [0m
[1.460s] Invoked command in '/home/robotik/ros2_ws/build/robot_spawner' returned '1': CMAKE_PREFIX_PATH=/opt/ros/humble /usr/bin/cmake /home/robotik/ros2_ws/src/robot_spawner -DCMAKE_INSTALL_PREFIX=/home/robotik/ros2_ws/install/robot_spawner
