-- Install configuration: ""
-- Up-to-date: /home/robotik/ros2_ws/install/robot_spawner/share/robot_spawner//launch
-- Up-to-date: /home/robotik/ros2_ws/install/robot_spawner/share/robot_spawner//launch/gazebo.launch.py
-- Up-to-date: /home/robotik/ros2_ws/install/robot_spawner/share/robot_spawner//src
-- Up-to-date: /home/robotik/ros2_ws/install/robot_spawner/share/robot_spawner//include
-- Up-to-date: /home/robotik/ros2_ws/install/robot_spawner/share/robot_spawner//include/robot_spawner
-- Up-to-date: /home/robotik/ros2_ws/install/robot_spawner/share/ament_index/resource_index/package_run_dependencies/robot_spawner
-- Up-to-date: /home/robotik/ros2_ws/install/robot_spawner/share/ament_index/resource_index/parent_prefix_path/robot_spawner
-- Up-to-date: /home/robotik/ros2_ws/install/robot_spawner/share/robot_spawner/environment/ament_prefix_path.sh
-- Up-to-date: /home/robotik/ros2_ws/install/robot_spawner/share/robot_spawner/environment/ament_prefix_path.dsv
-- Up-to-date: /home/robotik/ros2_ws/install/robot_spawner/share/robot_spawner/environment/path.sh
-- Up-to-date: /home/robotik/ros2_ws/install/robot_spawner/share/robot_spawner/environment/path.dsv
-- Up-to-date: /home/robotik/ros2_ws/install/robot_spawner/share/robot_spawner/local_setup.bash
-- Up-to-date: /home/robotik/ros2_ws/install/robot_spawner/share/robot_spawner/local_setup.sh
-- Up-to-date: /home/robotik/ros2_ws/install/robot_spawner/share/robot_spawner/local_setup.zsh
-- Up-to-date: /home/robotik/ros2_ws/install/robot_spawner/share/robot_spawner/local_setup.dsv
-- Installing: /home/robotik/ros2_ws/install/robot_spawner/share/robot_spawner/package.dsv
-- Up-to-date: /home/robotik/ros2_ws/install/robot_spawner/share/ament_index/resource_index/packages/robot_spawner
-- Up-to-date: /home/robotik/ros2_ws/install/robot_spawner/share/robot_spawner/cmake/robot_spawnerConfig.cmake
-- Up-to-date: /home/robotik/ros2_ws/install/robot_spawner/share/robot_spawner/cmake/robot_spawnerConfig-version.cmake
-- Up-to-date: /home/robotik/ros2_ws/install/robot_spawner/share/robot_spawner/package.xml
